[2020-10-17T00:29:15.317545+00:00] logger.INFO: New customer added ["Leonardo Nunes Oliveira","admin@example.com","068.591.073-32","61992495212"] []
[2020-10-17T02:15:03.862045+00:00] logger.ERROR: SQLSTATE[23000]: Integrity constraint violation: 1048 Column 'full_name' cannot be null {"Exception":"[object] (PDOException(code: 23000): SQLSTATE[23000]: Integrity constraint violation: 1048 Column 'full_name' cannot be null at /Volumes/work/Web_Development/personal_projects/studing/customer-base/app/Controller.php:68)"} []
[2020-10-17T02:15:06.219673+00:00] logger.ERROR: SQLSTATE[23000]: Integrity constraint violation: 1048 Column 'full_name' cannot be null {"Exception":"[object] (PDOException(code: 23000): SQLSTATE[23000]: Integrity constraint violation: 1048 Column 'full_name' cannot be null at /Volumes/work/Web_Development/personal_projects/studing/customer-base/app/Controller.php:68)"} []
[2020-10-17T02:15:09.232489+00:00] logger.ERROR: SQLSTATE[23000]: Integrity constraint violation: 1048 Column 'full_name' cannot be null {"Exception":"[object] (PDOException(code: 23000): SQLSTATE[23000]: Integrity constraint violation: 1048 Column 'full_name' cannot be null at /Volumes/work/Web_Development/personal_projects/studing/customer-base/app/Controller.php:68)"} []
[2020-10-17T02:24:54.674279+00:00] logger.INFO: Customer updated successfully! [] []
[2020-10-17T02:25:12.894942+00:00] logger.INFO: Customer updated successfully! [] []
[2020-10-17T02:29:01.734149+00:00] logger.INFO: New customer added [] []
[2020-10-17T02:33:45.134083+00:00] logger.INFO: New customer added [] []
[2020-10-17T02:35:50.094137+00:00] logger.INFO: New customer added [] []
[2020-10-17T02:36:00.554924+00:00] logger.ERROR: SQLSTATE[23000]: Integrity constraint violation: 1062 Duplicate entry 'admin@example.com' for key 'customers.email_UNIQUE' {"Exception":"[object] (PDOException(code: 23000): SQLSTATE[23000]: Integrity constraint violation: 1062 Duplicate entry 'admin@example.com' for key 'customers.email_UNIQUE' at /Volumes/work/Web_Development/personal_projects/studing/customer-base/app/Controller.php:36)"} []
[2020-10-18T17:01:37.901641+00:00] logger.INFO: New customer added [] []
[2020-10-18T17:10:25.797951+00:00] logger.INFO: Customer updated successfully! [] []
[2020-10-18T17:10:31.914932+00:00] logger.INFO: Customer updated successfully! [] []
[2020-10-18T17:13:31.094865+00:00] logger.INFO: New customer added [] []
[2020-10-18T17:15:59.336779+00:00] logger.ERROR: SQLSTATE[42000]: Syntax error or access violation: 1064 You have an error in your SQL syntax; check the manual that corresponds to your MySQL server version for the right syntax to use near 'ORDER BY id DESC' at line 1 {"Exception":"[object] (PDOException(code: 42000): SQLSTATE[42000]: Syntax error or access violation: 1064 You have an error in your SQL syntax; check the manual that corresponds to your MySQL server version for the right syntax to use near 'ORDER BY id DESC' at line 1 at /Volumes/work/Web_Development/personal_projects/studing/customer-base/app/Model.php:88)"} []
[2020-10-18T17:16:00.060635+00:00] logger.ERROR: SQLSTATE[42000]: Syntax error or access violation: 1064 You have an error in your SQL syntax; check the manual that corresponds to your MySQL server version for the right syntax to use near 'ORDER BY id DESC' at line 1 {"Exception":"[object] (PDOException(code: 42000): SQLSTATE[42000]: Syntax error or access violation: 1064 You have an error in your SQL syntax; check the manual that corresponds to your MySQL server version for the right syntax to use near 'ORDER BY id DESC' at line 1 at /Volumes/work/Web_Development/personal_projects/studing/customer-base/app/Model.php:88)"} []
[2020-10-18T17:16:00.434831+00:00] logger.ERROR: SQLSTATE[42000]: Syntax error or access violation: 1064 You have an error in your SQL syntax; check the manual that corresponds to your MySQL server version for the right syntax to use near 'ORDER BY id DESC' at line 1 {"Exception":"[object] (PDOException(code: 42000): SQLSTATE[42000]: Syntax error or access violation: 1064 You have an error in your SQL syntax; check the manual that corresponds to your MySQL server version for the right syntax to use near 'ORDER BY id DESC' at line 1 at /Volumes/work/Web_Development/personal_projects/studing/customer-base/app/Model.php:88)"} []
[2020-10-18T17:30:22.045924+00:00] logger.INFO: Customer updated successfully! [] []
[2020-10-18T17:42:43.718923+00:00] logger.INFO: New customer added [] []
[2020-10-18T17:47:07.922125+00:00] logger.INFO: New customer added [] []
[2020-10-18T17:47:45.546960+00:00] logger.INFO: Customer updated successfully! [] []
[2020-10-18T18:00:45.548798+00:00] logger.INFO: New customer added [] []
[2020-10-18T18:04:52.153608+00:00] logger.INFO: New customer added [] []
[2020-10-18T18:29:27.455570+00:00] logger.INFO: Customer has been removed successfully! [] []
[2020-10-18T18:29:41.639006+00:00] logger.INFO: Customer has been removed successfully! [] []
[2020-10-18T18:29:50.690624+00:00] logger.INFO: Customer has been removed successfully! [] []
[2020-10-18T18:35:59.676762+00:00] logger.INFO: Customer has been removed successfully! [] []
[2020-10-18T18:38:31.645232+00:00] logger.INFO: Customer has been removed successfully! [] []
[2020-10-18T19:28:04.382437+00:00] logger.INFO: Customer updated successfully! [] []
[2020-10-18T19:30:50.457255+00:00] logger.INFO: Customer updated successfully! [] []
[2020-10-18T19:34:02.310815+00:00] logger.INFO: Customer updated successfully! [] []
[2020-10-18T22:04:22.338497+00:00] logger.INFO: Customer updated successfully! [] []
[2020-10-18T22:07:26.122120+00:00] logger.INFO: New customer added [] []
[2020-10-18T22:07:52.527967+00:00] logger.INFO: Customer updated successfully! [] []
[2020-10-18T22:38:57.266652+00:00] logger.INFO: Customer has been removed successfully! [] []
[2020-10-18T22:44:05.885354+00:00] logger.INFO: Customer has been removed successfully! [] []
[2020-10-18T22:51:14.701244+00:00] logger.INFO: Customer updated successfully! [] []
[2020-10-18T22:52:00.017517+00:00] logger.INFO: New customer added [] []
[2020-10-18T22:56:57.634329+00:00] logger.INFO: Customer has been removed successfully! [] []
[2020-10-18T22:57:00.934760+00:00] logger.INFO: Customer has been removed successfully! [] []
[2020-10-18T22:57:04.751067+00:00] logger.INFO: Customer has been removed successfully! [] []
[2020-10-18T22:57:07.642666+00:00] logger.INFO: Customer has been removed successfully! [] []
[2020-10-18T22:57:10.457906+00:00] logger.INFO: Customer has been removed successfully! [] []
[2020-10-18T23:06:10.174331+00:00] logger.INFO: New customer added [] []
[2020-10-18T23:08:50.736210+00:00] logger.INFO: New customer added [] []
[2020-10-18T23:09:00.143188+00:00] logger.INFO: Customer has been removed successfully! [] []
[2020-10-18T23:39:37.709707+00:00] logger.ERROR: SQLSTATE[23000]: Integrity constraint violation: 1062 Duplicate entry 'admin@example.com' for key 'customers.email_UNIQUE' {"Exception":"[object] (PDOException(code: 23000): SQLSTATE[23000]: Integrity constraint violation: 1062 Duplicate entry 'admin@example.com' for key 'customers.email_UNIQUE' at /Volumes/work/Web_Development/personal_projects/studing/customer-base/app/Model.php:43)"} []
[2020-10-18T23:39:57.608358+00:00] logger.ERROR: SQLSTATE[23000]: Integrity constraint violation: 1062 Duplicate entry 'admin@example.com' for key 'customers.email_UNIQUE' {"Exception":"[object] (PDOException(code: 23000): SQLSTATE[23000]: Integrity constraint violation: 1062 Duplicate entry 'admin@example.com' for key 'customers.email_UNIQUE' at /Volumes/work/Web_Development/personal_projects/studing/customer-base/app/Model.php:43)"} []
[2020-10-18T23:57:50.764720+00:00] logger.ERROR: SQLSTATE[23000]: Integrity constraint violation: 1062 Duplicate entry 'admin@example.com' for key 'customers.email_UNIQUE' {"Exception":"[object] (PDOException(code: 23000): SQLSTATE[23000]: Integrity constraint violation: 1062 Duplicate entry 'admin@example.com' for key 'customers.email_UNIQUE' at /Volumes/work/Web_Development/personal_projects/studing/customer-base/app/Model.php:43)"} []
[2020-10-19T00:02:23.210747+00:00] logger.INFO: Customer added successfully! [] []
[2020-10-19T00:02:49.198144+00:00] logger.INFO: Customer has been removed successfully! [] []
[2020-10-19T00:02:51.808341+00:00] logger.INFO: Customer has been removed successfully! [] []
[2020-10-19T00:03:09.079454+00:00] logger.INFO: Customer added successfully! [] []
[2020-10-19T00:07:40.678356+00:00] logger.ERROR: SQLSTATE[HY093]: Invalid parameter number: number of bound variables does not match number of tokens {"Exception":"[object] (PDOException(code: HY093): SQLSTATE[HY093]: Invalid parameter number: number of bound variables does not match number of tokens at /Volumes/work/Web_Development/personal_projects/studing/customer-base/app/Model.php:105)"} []
[2020-10-19T00:09:33.908446+00:00] logger.INFO: Customer updated successfully! [] []
[2020-10-19T00:09:43.765140+00:00] logger.INFO: Customer updated successfully! [] []
[2020-10-19T00:10:06.261087+00:00] logger.INFO: Customer added successfully! [] []
[2020-10-19T00:10:13.120456+00:00] logger.INFO: Customer updated successfully! [] []
[2020-10-19T00:10:16.390383+00:00] logger.INFO: Customer updated successfully! [] []
[2020-10-19T00:10:20.926199+00:00] logger.INFO: Customer updated successfully! [] []
[2020-10-19T12:57:14.752423+00:00] logger.INFO: Customer record updated successfully. [] []
[2020-10-19T12:58:57.970960+00:00] logger.INFO: New customer registration successful. [] []
[2020-10-19T13:07:57.560663+00:00] logger.INFO: New customer registration successful. [] []
